  [1m[35m (7.4ms)[0m  [1m[35mCREATE TABLE "schema_migrations" ("version" character varying NOT NULL PRIMARY KEY)[0m
  [1m[35m (3.1ms)[0m  [1m[35mCREATE TABLE "ar_internal_metadata" ("key" character varying NOT NULL PRIMARY KEY, "value" character varying, "created_at" timestamp NOT NULL, "updated_at" timestamp NOT NULL)[0m
  [1m[35m (0.2ms)[0m  [1m[34mSELECT pg_try_advisory_lock(3046526807777167680)[0m
  [1m[35m (0.5ms)[0m  [1m[34mSELECT "schema_migrations"."version" FROM "schema_migrations" ORDER BY "schema_migrations"."version" ASC[0m
Migrating to CreateTasks (20171221102803)
  [1m[35m (0.3ms)[0m  [1m[35mBEGIN[0m
  [1m[35m (4.9ms)[0m  [1m[35mCREATE TABLE "tasks" ("id" bigserial primary key, "Description" text, "created_at" timestamp NOT NULL, "updated_at" timestamp NOT NULL)[0m
  [1m[35mSQL (0.7ms)[0m  [1m[32mINSERT INTO "schema_migrations" ("version") VALUES ($1) RETURNING "version"[0m  [["version", "20171221102803"]]
  [1m[35m (0.4ms)[0m  [1m[35mCOMMIT[0m
  [1m[36mActiveRecord::InternalMetadata Load (0.4ms)[0m  [1m[34mSELECT  "ar_internal_metadata".* FROM "ar_internal_metadata" WHERE "ar_internal_metadata"."key" = $1 LIMIT $2[0m  [["key", "environment"], ["LIMIT", 1]]
  [1m[35m (0.1ms)[0m  [1m[35mBEGIN[0m
  [1m[35mSQL (0.6ms)[0m  [1m[32mINSERT INTO "ar_internal_metadata" ("key", "value", "created_at", "updated_at") VALUES ($1, $2, $3, $4) RETURNING "key"[0m  [["key", "environment"], ["value", "development"], ["created_at", "2021-11-07 18:06:10.153831"], ["updated_at", "2021-11-07 18:06:10.153831"]]
  [1m[35m (0.3ms)[0m  [1m[35mCOMMIT[0m
  [1m[35m (0.2ms)[0m  [1m[34mSELECT pg_advisory_unlock(3046526807777167680)[0m
  [1m[35m (0.4ms)[0m  [1m[34mSELECT "schema_migrations"."version" FROM "schema_migrations" ORDER BY "schema_migrations"."version" ASC[0m
Started GET "/" for 127.0.0.1 at 2021-11-07 19:06:30 +0100
  [1m[35m (0.8ms)[0m  [1m[34mSELECT "schema_migrations"."version" FROM "schema_migrations" ORDER BY "schema_migrations"."version" ASC[0m
Processing by TasksController#index as HTML
  Rendering tasks/index.html.erb within layouts/application
  [1m[36mTask Load (0.7ms)[0m  [1m[34mSELECT "tasks".* FROM "tasks"[0m
  Rendered tasks/index.html.erb within layouts/application (10.1ms)
Completed 200 OK in 533ms (Views: 525.2ms | ActiveRecord: 2.3ms)


Started GET "/tasks/new" for 127.0.0.1 at 2021-11-07 19:06:33 +0100
Processing by TasksController#new as HTML
  Rendering tasks/new.html.erb within layouts/application
  Rendered tasks/_form.html.erb (13.9ms)
  Rendered tasks/new.html.erb within layouts/application (16.6ms)
Completed 200 OK in 54ms (Views: 39.3ms | ActiveRecord: 5.4ms)


Started POST "/tasks" for 127.0.0.1 at 2021-11-07 19:06:35 +0100
Processing by TasksController#create as HTML
  Parameters: {"utf8"=>"✓", "authenticity_token"=>"JzO7WETTmimWc/6BxT7zq6L7G2osO5umQnIpihLRLgW3S6+jeT+o0d4kBlKnq87TOKastBIYMWQ3Lq/L2m7eoQ==", "task"=>{"Description"=>"sadfasdf"}, "commit"=>"Create Task"}
  [1m[35m (0.1ms)[0m  [1m[35mBEGIN[0m
  [1m[35mSQL (0.7ms)[0m  [1m[32mINSERT INTO "tasks" ("Description", "created_at", "updated_at") VALUES ($1, $2, $3) RETURNING "id"[0m  [["Description", "sadfasdf"], ["created_at", "2021-11-07 18:06:35.170005"], ["updated_at", "2021-11-07 18:06:35.170005"]]
  [1m[35m (0.4ms)[0m  [1m[35mCOMMIT[0m
Redirected to http://127.0.0.1:3000/tasks/1
Completed 302 Found in 5ms (ActiveRecord: 1.3ms)


Started GET "/tasks/1" for 127.0.0.1 at 2021-11-07 19:06:35 +0100
Processing by TasksController#show as HTML
  Parameters: {"id"=>"1"}
  [1m[36mTask Load (0.4ms)[0m  [1m[34mSELECT  "tasks".* FROM "tasks" WHERE "tasks"."id" = $1 LIMIT $2[0m  [["id", 1], ["LIMIT", 1]]
  Rendering tasks/show.html.erb within layouts/application
  Rendered tasks/show.html.erb within layouts/application (1.8ms)
Completed 200 OK in 32ms (Views: 26.0ms | ActiveRecord: 0.5ms)


Started GET "/tasks/1/edit" for 127.0.0.1 at 2021-11-07 19:06:38 +0100
Processing by TasksController#edit as HTML
  Parameters: {"id"=>"1"}
  [1m[36mTask Load (0.5ms)[0m  [1m[34mSELECT  "tasks".* FROM "tasks" WHERE "tasks"."id" = $1 LIMIT $2[0m  [["id", 1], ["LIMIT", 1]]
  Rendering tasks/edit.html.erb within layouts/application
  Rendered tasks/_form.html.erb (2.1ms)
  Rendered tasks/edit.html.erb within layouts/application (3.9ms)
Completed 200 OK in 27ms (Views: 23.5ms | ActiveRecord: 0.5ms)


Started GET "/tasks" for 127.0.0.1 at 2021-11-07 19:06:39 +0100
Processing by TasksController#index as HTML
  Rendering tasks/index.html.erb within layouts/application
  [1m[36mTask Load (0.3ms)[0m  [1m[34mSELECT "tasks".* FROM "tasks"[0m
  Rendered tasks/index.html.erb within layouts/application (4.2ms)
Completed 200 OK in 25ms (Views: 23.2ms | ActiveRecord: 0.3ms)


Started GET "/tasks/1" for 127.0.0.1 at 2021-11-07 19:06:41 +0100
Processing by TasksController#show as HTML
  Parameters: {"id"=>"1"}
  [1m[36mTask Load (0.5ms)[0m  [1m[34mSELECT  "tasks".* FROM "tasks" WHERE "tasks"."id" = $1 LIMIT $2[0m  [["id", 1], ["LIMIT", 1]]
  Rendering tasks/show.html.erb within layouts/application
  Rendered tasks/show.html.erb within layouts/application (1.5ms)
Completed 200 OK in 46ms (Views: 42.6ms | ActiveRecord: 0.5ms)


Started GET "/tasks" for 127.0.0.1 at 2021-11-07 19:06:42 +0100
Processing by TasksController#index as HTML
  Rendering tasks/index.html.erb within layouts/application
  [1m[36mTask Load (0.5ms)[0m  [1m[34mSELECT "tasks".* FROM "tasks"[0m
  Rendered tasks/index.html.erb within layouts/application (5.4ms)
Completed 200 OK in 50ms (Views: 47.9ms | ActiveRecord: 0.5ms)


Started GET "/tasks" for 127.0.0.1 at 2021-11-07 19:06:43 +0100
Processing by TasksController#index as HTML
  Rendering tasks/index.html.erb within layouts/application
  [1m[36mTask Load (0.2ms)[0m  [1m[34mSELECT "tasks".* FROM "tasks"[0m
  Rendered tasks/index.html.erb within layouts/application (5.4ms)
Completed 200 OK in 43ms (Views: 40.1ms | ActiveRecord: 0.2ms)


  [1m[35m (5.7ms)[0m  [1m[35mCREATE TABLE "schema_migrations" ("version" character varying NOT NULL PRIMARY KEY)[0m
  [1m[35m (3.2ms)[0m  [1m[35mCREATE TABLE "ar_internal_metadata" ("key" character varying NOT NULL PRIMARY KEY, "value" character varying, "created_at" timestamp NOT NULL, "updated_at" timestamp NOT NULL)[0m
  [1m[35m (0.2ms)[0m  [1m[34mSELECT pg_try_advisory_lock(2318341793658316440)[0m
  [1m[35m (0.6ms)[0m  [1m[34mSELECT "schema_migrations"."version" FROM "schema_migrations" ORDER BY "schema_migrations"."version" ASC[0m
Migrating to CreateTasks (20171221102803)
  [1m[35m (0.2ms)[0m  [1m[35mBEGIN[0m
  [1m[35m (4.5ms)[0m  [1m[35mCREATE TABLE "tasks" ("id" bigserial primary key, "Description" text, "created_at" timestamp NOT NULL, "updated_at" timestamp NOT NULL)[0m
  [1m[35mSQL (0.5ms)[0m  [1m[32mINSERT INTO "schema_migrations" ("version") VALUES ($1) RETURNING "version"[0m  [["version", "20171221102803"]]
  [1m[35m (0.4ms)[0m  [1m[35mCOMMIT[0m
  [1m[36mActiveRecord::InternalMetadata Load (0.4ms)[0m  [1m[34mSELECT  "ar_internal_metadata".* FROM "ar_internal_metadata" WHERE "ar_internal_metadata"."key" = $1 LIMIT $2[0m  [["key", "environment"], ["LIMIT", 1]]
  [1m[35m (0.1ms)[0m  [1m[35mBEGIN[0m
  [1m[35mSQL (0.5ms)[0m  [1m[32mINSERT INTO "ar_internal_metadata" ("key", "value", "created_at", "updated_at") VALUES ($1, $2, $3, $4) RETURNING "key"[0m  [["key", "environment"], ["value", "development"], ["created_at", "2021-11-07 18:59:43.161401"], ["updated_at", "2021-11-07 18:59:43.161401"]]
  [1m[35m (0.4ms)[0m  [1m[35mCOMMIT[0m
  [1m[35m (0.3ms)[0m  [1m[34mSELECT pg_advisory_unlock(2318341793658316440)[0m
  [1m[35m (0.4ms)[0m  [1m[34mSELECT "schema_migrations"."version" FROM "schema_migrations" ORDER BY "schema_migrations"."version" ASC[0m
Started GET "/" for 127.0.0.1 at 2021-11-07 20:00:13 +0100
  [1m[35m (0.9ms)[0m  [1m[34mSELECT "schema_migrations"."version" FROM "schema_migrations" ORDER BY "schema_migrations"."version" ASC[0m
Processing by TasksController#index as HTML
  Rendering tasks/index.html.erb within layouts/application
  [1m[36mTask Load (0.7ms)[0m  [1m[34mSELECT "tasks".* FROM "tasks"[0m
  Rendered tasks/index.html.erb within layouts/application (18.4ms)
Completed 200 OK in 535ms (Views: 523.0ms | ActiveRecord: 2.3ms)


Started GET "/tasks/new" for 127.0.0.1 at 2021-11-07 20:00:16 +0100
Processing by TasksController#new as HTML
  Rendering tasks/new.html.erb within layouts/application
  Rendered tasks/_form.html.erb (14.8ms)
  Rendered tasks/new.html.erb within layouts/application (17.9ms)
Completed 200 OK in 73ms (Views: 55.5ms | ActiveRecord: 5.6ms)


Started POST "/tasks" for 127.0.0.1 at 2021-11-07 20:00:19 +0100
Processing by TasksController#create as HTML
  Parameters: {"utf8"=>"✓", "authenticity_token"=>"31XkiM0HipFrRnEfHBzw5CPdagawfdNtm4DzDHyPPr1PLfBz8Ou4aSMRicx+ic2cuYDd2I5eea/u3HVNtDDOGQ==", "task"=>{"Description"=>"jkb"}, "commit"=>"Create Task"}
  [1m[35m (0.2ms)[0m  [1m[35mBEGIN[0m
  [1m[35mSQL (1.0ms)[0m  [1m[32mINSERT INTO "tasks" ("Description", "created_at", "updated_at") VALUES ($1, $2, $3) RETURNING "id"[0m  [["Description", "jkb"], ["created_at", "2021-11-07 19:00:19.199872"], ["updated_at", "2021-11-07 19:00:19.199872"]]
  [1m[35m (0.4ms)[0m  [1m[35mCOMMIT[0m
Redirected to http://127.0.0.1:3000/tasks/1
Completed 302 Found in 6ms (ActiveRecord: 1.6ms)


Started GET "/tasks/1" for 127.0.0.1 at 2021-11-07 20:00:19 +0100
Processing by TasksController#show as HTML
  Parameters: {"id"=>"1"}
  [1m[36mTask Load (0.5ms)[0m  [1m[34mSELECT  "tasks".* FROM "tasks" WHERE "tasks"."id" = $1 LIMIT $2[0m  [["id", 1], ["LIMIT", 1]]
  Rendering tasks/show.html.erb within layouts/application
  Rendered tasks/show.html.erb within layouts/application (1.4ms)
Completed 200 OK in 42ms (Views: 32.8ms | ActiveRecord: 0.7ms)


Started GET "/tasks/1/edit" for 127.0.0.1 at 2021-11-07 20:00:20 +0100
Processing by TasksController#edit as HTML
  Parameters: {"id"=>"1"}
  [1m[36mTask Load (4.3ms)[0m  [1m[34mSELECT  "tasks".* FROM "tasks" WHERE "tasks"."id" = $1 LIMIT $2[0m  [["id", 1], ["LIMIT", 1]]
  Rendering tasks/edit.html.erb within layouts/application
  Rendered tasks/_form.html.erb (2.5ms)
  Rendered tasks/edit.html.erb within layouts/application (5.0ms)
Completed 200 OK in 71ms (Views: 61.0ms | ActiveRecord: 4.3ms)


Started GET "/tasks" for 127.0.0.1 at 2021-11-07 20:00:21 +0100
Processing by TasksController#index as HTML
  Rendering tasks/index.html.erb within layouts/application
  [1m[36mTask Load (0.3ms)[0m  [1m[34mSELECT "tasks".* FROM "tasks"[0m
  Rendered tasks/index.html.erb within layouts/application (7.6ms)
Completed 200 OK in 65ms (Views: 62.5ms | ActiveRecord: 0.3ms)


Started DELETE "/tasks/1" for 127.0.0.1 at 2021-11-07 20:00:26 +0100
Processing by TasksController#destroy as HTML
  Parameters: {"authenticity_token"=>"ja4KFdXlQTkqKGa7DT7bb5hyrXKSWnG3aD/QM2WjEYN7cuvro09fYHxMNFRvf9Wfuid4sQ9ln64TEeuqUID1Iw==", "id"=>"1"}
  [1m[36mTask Load (0.3ms)[0m  [1m[34mSELECT  "tasks".* FROM "tasks" WHERE "tasks"."id" = $1 LIMIT $2[0m  [["id", 1], ["LIMIT", 1]]
  [1m[35m (0.1ms)[0m  [1m[35mBEGIN[0m
  [1m[35mSQL (0.6ms)[0m  [1m[31mDELETE FROM "tasks" WHERE "tasks"."id" = $1[0m  [["id", 1]]
  [1m[35m (0.4ms)[0m  [1m[35mCOMMIT[0m
Redirected to http://127.0.0.1:3000/tasks
Completed 302 Found in 6ms (ActiveRecord: 1.4ms)


Started GET "/tasks" for 127.0.0.1 at 2021-11-07 20:00:26 +0100
Processing by TasksController#index as HTML
  Rendering tasks/index.html.erb within layouts/application
  [1m[36mTask Load (0.2ms)[0m  [1m[34mSELECT "tasks".* FROM "tasks"[0m
  Rendered tasks/index.html.erb within layouts/application (4.5ms)
Completed 200 OK in 40ms (Views: 37.7ms | ActiveRecord: 0.2ms)


